Flow report for gesture_recognition
Fri Mar 22 09:52:35 2024
Quartus II 64-Bit Version 13.1.0 Build 162 10/23/2013 SJ Web Edition


---------------------
; Table of Contents ;
---------------------
  1. Legal Notice
  2. Flow Summary
  3. Flow Settings
  4. Flow Non-Default Global Settings
  5. Flow Elapsed Time
  6. Flow OS Summary
  7. Flow Log
  8. Flow Messages
  9. Flow Suppressed Messages



----------------
; Legal Notice ;
----------------
Copyright (C) 1991-2013 Altera Corporation
Your use of Altera Corporation's design tools, logic functions 
and other software and tools, and its AMPP partner logic 
functions, and any output files from any of the foregoing 
(including device programming or simulation files), and any 
associated documentation or information are expressly subject 
to the terms and conditions of the Altera Program License 
Subscription Agreement, Altera MegaCore Function License 
Agreement, or other applicable license agreement, including, 
without limitation, that your use is for the sole purpose of 
programming logic devices manufactured by Altera and sold by 
Altera or its authorized distributors.  Please refer to the 
applicable agreement for further details.



+------------------------------------------------------------------------------+
; Flow Summary                                                                 ;
+---------------------------------+--------------------------------------------+
; Flow Status                     ; Successful - Fri Mar 22 09:52:35 2024      ;
; Quartus II 64-Bit Version       ; 13.1.0 Build 162 10/23/2013 SJ Web Edition ;
; Revision Name                   ; gesture_recognition                        ;
; Top-level Entity Name           ; top                                        ;
; Family                          ; Cyclone V                                  ;
; Device                          ; 5CSEMA5F31C6                               ;
; Timing Models                   ; Preliminary                                ;
; Logic utilization (in ALMs)     ; 18 / 32,070 ( < 1 % )                      ;
; Total registers                 ; 26                                         ;
; Total pins                      ; 29 / 457 ( 6 % )                           ;
; Total virtual pins              ; 0                                          ;
; Total block memory bits         ; 0 / 4,065,280 ( 0 % )                      ;
; Total DSP Blocks                ; 0 / 87 ( 0 % )                             ;
; Total HSSI RX PCSs              ; 0                                          ;
; Total HSSI PMA RX Deserializers ; 0                                          ;
; Total HSSI TX PCSs              ; 0                                          ;
; Total HSSI TX Channels          ; 0                                          ;
; Total PLLs                      ; 0 / 6 ( 0 % )                              ;
; Total DLLs                      ; 0 / 4 ( 0 % )                              ;
+---------------------------------+--------------------------------------------+


+-----------------------------------------+
; Flow Settings                           ;
+-------------------+---------------------+
; Option            ; Setting             ;
+-------------------+---------------------+
; Start date & time ; 03/22/2024 09:52:04 ;
; Main task         ; Compilation         ;
; Revision Name     ; gesture_recognition ;
+-------------------+---------------------+


+---------------------------------------------------------------------------------------------------------------------------+
; Flow Non-Default Global Settings                                                                                          ;
+-------------------------------------+--------------------------------+---------------------+-------------+----------------+
; Assignment Name                     ; Value                          ; Default Value       ; Entity Name ; Section Id     ;
+-------------------------------------+--------------------------------+---------------------+-------------+----------------+
; COMPILER_SIGNATURE_ID               ; 84486693340348.171111192319152 ; --                  ; --          ; --             ;
; EDA_OUTPUT_DATA_FORMAT              ; Verilog Hdl                    ; --                  ; --          ; eda_simulation ;
; EDA_SIMULATION_TOOL                 ; ModelSim-Altera (Verilog)      ; <None>              ; --          ; --             ;
; MAX_CORE_JUNCTION_TEMP              ; 85                             ; --                  ; --          ; --             ;
; MIN_CORE_JUNCTION_TEMP              ; 0                              ; --                  ; --          ; --             ;
; PARTITION_COLOR                     ; 16764057                       ; --                  ; top         ; Top            ;
; PARTITION_FITTER_PRESERVATION_LEVEL ; PLACEMENT_AND_ROUTING          ; --                  ; top         ; Top            ;
; PARTITION_NETLIST_TYPE              ; SOURCE                         ; --                  ; top         ; Top            ;
; PROJECT_OUTPUT_DIRECTORY            ; output_files                   ; --                  ; --          ; --             ;
; TOP_LEVEL_ENTITY                    ; top                            ; gesture_recognition ; --          ; --             ;
+-------------------------------------+--------------------------------+---------------------+-------------+----------------+


+-------------------------------------------------------------------------------------------------------------------------------+
; Flow Elapsed Time                                                                                                             ;
+---------------------------+--------------+-------------------------+---------------------+------------------------------------+
; Module Name               ; Elapsed Time ; Average Processors Used ; Peak Virtual Memory ; Total CPU Time (on all processors) ;
+---------------------------+--------------+-------------------------+---------------------+------------------------------------+
; Analysis & Synthesis      ; 00:00:01     ; 1.0                     ; 4667 MB             ; 00:00:00                           ;
; Fitter                    ; 00:00:19     ; 1.0                     ; 5667 MB             ; 00:00:12                           ;
; Assembler                 ; 00:00:05     ; 1.0                     ; 4741 MB             ; 00:00:03                           ;
; TimeQuest Timing Analyzer ; 00:00:03     ; 1.0                     ; 4938 MB             ; 00:00:02                           ;
; EDA Netlist Writer        ; 00:00:00     ; 1.0                     ; 4626 MB             ; 00:00:00                           ;
; Total                     ; 00:00:28     ; --                      ; --                  ; 00:00:17                           ;
+---------------------------+--------------+-------------------------+---------------------+------------------------------------+


+----------------------------------------------------------------------------------------+
; Flow OS Summary                                                                        ;
+---------------------------+------------------+-----------+------------+----------------+
; Module Name               ; Machine Hostname ; OS Name   ; OS Version ; Processor type ;
+---------------------------+------------------+-----------+------------+----------------+
; Analysis & Synthesis      ; Alienware_Gus    ; Windows 7 ; 6.2        ; x86_64         ;
; Fitter                    ; Alienware_Gus    ; Windows 7 ; 6.2        ; x86_64         ;
; Assembler                 ; Alienware_Gus    ; Windows 7 ; 6.2        ; x86_64         ;
; TimeQuest Timing Analyzer ; Alienware_Gus    ; Windows 7 ; 6.2        ; x86_64         ;
; EDA Netlist Writer        ; Alienware_Gus    ; Windows 7 ; 6.2        ; x86_64         ;
+---------------------------+------------------+-----------+------------+----------------+


------------
; Flow Log ;
------------
quartus_map --read_settings_files=on --write_settings_files=off gesture_recognition -c gesture_recognition
quartus_fit --read_settings_files=off --write_settings_files=off gesture_recognition -c gesture_recognition
quartus_asm --read_settings_files=off --write_settings_files=off gesture_recognition -c gesture_recognition
quartus_sta gesture_recognition -c gesture_recognition
quartus_eda --read_settings_files=off --write_settings_files=off gesture_recognition -c gesture_recognition



